{"/Users/macos/Personal/lazada-test/src/config.js": {"path":"/Users/macos/Personal/lazada-test/src/config.js","statementMap":{},"fnMap":{},"branchMap":{"0":{"loc":{"start":{"line":2,"column":11},"end":{"line":2,"column":57}},"type":"binary-expr","locations":[{"start":{"line":2,"column":11},"end":{"line":2,"column":30}},{"start":{"line":2,"column":34},"end":{"line":2,"column":57}}],"line":2}},"s":{},"f":{},"b":{"0":[2,2]},"_coverageSchema":"1a1c01bbd47fc00a2c39e90264f33305004495a9","hash":"57ee78634677c3dbd32f003c7485abadc198d48b"}
,"/Users/macos/Personal/lazada-test/src/actions/category.js": {"path":"/Users/macos/Personal/lazada-test/src/actions/category.js","statementMap":{"0":{"start":{"line":15,"column":29},"end":{"line":28,"column":1}},"1":{"start":{"line":16,"column":2},"end":{"line":27,"column":3}},"2":{"start":{"line":17,"column":4},"end":{"line":19,"column":6}},"3":{"start":{"line":20,"column":23},"end":{"line":20,"column":56}},"4":{"start":{"line":21,"column":4},"end":{"line":26,"column":6}},"5":{"start":{"line":30,"column":33},"end":{"line":64,"column":1}},"6":{"start":{"line":31,"column":2},"end":{"line":63,"column":3}},"7":{"start":{"line":32,"column":4},"end":{"line":34,"column":6}},"8":{"start":{"line":35,"column":21},"end":{"line":35,"column":58}},"9":{"start":{"line":37,"column":17},"end":{"line":37,"column":35}},"10":{"start":{"line":38,"column":4},"end":{"line":40,"column":6}},"11":{"start":{"line":38,"column":15},"end":{"line":40,"column":6}},"12":{"start":{"line":42,"column":4},"end":{"line":48,"column":6}},"13":{"start":{"line":49,"column":4},"end":{"line":51,"column":6}},"14":{"start":{"line":53,"column":21},"end":{"line":53,"column":57}},"15":{"start":{"line":54,"column":4},"end":{"line":62,"column":6}},"16":{"start":{"line":66,"column":27},"end":{"line":85,"column":1}},"17":{"start":{"line":67,"column":2},"end":{"line":84,"column":3}},"18":{"start":{"line":68,"column":24},"end":{"line":68,"column":62}},"19":{"start":{"line":70,"column":4},"end":{"line":72,"column":6}},"20":{"start":{"line":74,"column":21},"end":{"line":74,"column":79}},"21":{"start":{"line":75,"column":4},"end":{"line":83,"column":6}},"22":{"start":{"line":87,"column":30},"end":{"line":103,"column":1}},"23":{"start":{"line":88,"column":2},"end":{"line":102,"column":3}},"24":{"start":{"line":89,"column":4},"end":{"line":91,"column":6}},"25":{"start":{"line":93,"column":20},"end":{"line":93,"column":56}},"26":{"start":{"line":95,"column":4},"end":{"line":101,"column":6}}},"fnMap":{"0":{"name":"(anonymous_0)","decl":{"start":{"line":15,"column":29},"end":{"line":15,"column":30}},"loc":{"start":{"line":15,"column":35},"end":{"line":28,"column":1}},"line":15},"1":{"name":"(anonymous_1)","decl":{"start":{"line":16,"column":9},"end":{"line":16,"column":10}},"loc":{"start":{"line":16,"column":29},"end":{"line":27,"column":3}},"line":16},"2":{"name":"(anonymous_2)","decl":{"start":{"line":30,"column":33},"end":{"line":30,"column":34}},"loc":{"start":{"line":30,"column":41},"end":{"line":64,"column":1}},"line":30},"3":{"name":"(anonymous_3)","decl":{"start":{"line":31,"column":9},"end":{"line":31,"column":10}},"loc":{"start":{"line":31,"column":29},"end":{"line":63,"column":3}},"line":31},"4":{"name":"(anonymous_4)","decl":{"start":{"line":66,"column":27},"end":{"line":66,"column":28}},"loc":{"start":{"line":66,"column":43},"end":{"line":85,"column":1}},"line":66},"5":{"name":"(anonymous_5)","decl":{"start":{"line":67,"column":9},"end":{"line":67,"column":10}},"loc":{"start":{"line":67,"column":39},"end":{"line":84,"column":3}},"line":67},"6":{"name":"(anonymous_6)","decl":{"start":{"line":87,"column":30},"end":{"line":87,"column":31}},"loc":{"start":{"line":87,"column":38},"end":{"line":103,"column":1}},"line":87},"7":{"name":"(anonymous_7)","decl":{"start":{"line":88,"column":9},"end":{"line":88,"column":10}},"loc":{"start":{"line":88,"column":39},"end":{"line":102,"column":3}},"line":88}},"branchMap":{"0":{"loc":{"start":{"line":38,"column":4},"end":{"line":40,"column":6}},"type":"if","locations":[{"start":{"line":38,"column":4},"end":{"line":40,"column":6}},{"start":{"line":38,"column":4},"end":{"line":40,"column":6}}],"line":38}},"s":{"0":1,"1":1,"2":1,"3":1,"4":1,"5":1,"6":1,"7":1,"8":1,"9":1,"10":1,"11":0,"12":1,"13":1,"14":1,"15":1,"16":1,"17":1,"18":1,"19":1,"20":1,"21":1,"22":1,"23":1,"24":1,"25":1,"26":1},"f":{"0":1,"1":1,"2":1,"3":1,"4":1,"5":1,"6":1,"7":1},"b":{"0":[0,1]},"_coverageSchema":"1a1c01bbd47fc00a2c39e90264f33305004495a9","hash":"bce5ad345f6c7469c886ea7657b6c9046b644d6d"}
,"/Users/macos/Personal/lazada-test/src/api/category.js": {"path":"/Users/macos/Personal/lazada-test/src/api/category.js","statementMap":{"0":{"start":{"line":4,"column":29},"end":{"line":6,"column":1}},"1":{"start":{"line":5,"column":2},"end":{"line":5,"column":54}},"2":{"start":{"line":8,"column":31},"end":{"line":10,"column":1}},"3":{"start":{"line":9,"column":2},"end":{"line":9,"column":55}},"4":{"start":{"line":12,"column":27},"end":{"line":14,"column":1}},"5":{"start":{"line":13,"column":2},"end":{"line":13,"column":123}},"6":{"start":{"line":16,"column":30},"end":{"line":18,"column":1}},"7":{"start":{"line":17,"column":2},"end":{"line":17,"column":53}}},"fnMap":{"0":{"name":"(anonymous_0)","decl":{"start":{"line":4,"column":29},"end":{"line":4,"column":30}},"loc":{"start":{"line":4,"column":35},"end":{"line":6,"column":1}},"line":4},"1":{"name":"(anonymous_1)","decl":{"start":{"line":8,"column":31},"end":{"line":8,"column":32}},"loc":{"start":{"line":8,"column":39},"end":{"line":10,"column":1}},"line":8},"2":{"name":"(anonymous_2)","decl":{"start":{"line":12,"column":27},"end":{"line":12,"column":28}},"loc":{"start":{"line":12,"column":78},"end":{"line":14,"column":1}},"line":12},"3":{"name":"(anonymous_3)","decl":{"start":{"line":16,"column":30},"end":{"line":16,"column":31}},"loc":{"start":{"line":16,"column":38},"end":{"line":18,"column":1}},"line":16}},"branchMap":{"0":{"loc":{"start":{"line":12,"column":28},"end":{"line":12,"column":43}},"type":"default-arg","locations":[{"start":{"line":12,"column":41},"end":{"line":12,"column":43}}],"line":12},"1":{"loc":{"start":{"line":12,"column":45},"end":{"line":12,"column":59}},"type":"default-arg","locations":[{"start":{"line":12,"column":58},"end":{"line":12,"column":59}}],"line":12},"2":{"loc":{"start":{"line":12,"column":61},"end":{"line":12,"column":73}},"type":"default-arg","locations":[{"start":{"line":12,"column":72},"end":{"line":12,"column":73}}],"line":12}},"s":{"0":1,"1":1,"2":1,"3":1,"4":1,"5":1,"6":1,"7":1},"f":{"0":1,"1":1,"2":1,"3":1},"b":{"0":[0],"1":[0],"2":[0]},"_coverageSchema":"1a1c01bbd47fc00a2c39e90264f33305004495a9","hash":"7d66e20711b4e2b2d099aad29158aab3b4c55fa6"}
,"/Users/macos/Personal/lazada-test/src/components/CategoryCard.js": {"path":"/Users/macos/Personal/lazada-test/src/components/CategoryCard.js","statementMap":{"0":{"start":{"line":7,"column":21},"end":{"line":16,"column":1}},"1":{"start":{"line":8,"column":23},"end":{"line":8,"column":28}},"2":{"start":{"line":9,"column":2},"end":{"line":15,"column":3}}},"fnMap":{"0":{"name":"(anonymous_0)","decl":{"start":{"line":7,"column":21},"end":{"line":7,"column":22}},"loc":{"start":{"line":7,"column":32},"end":{"line":16,"column":1}},"line":7}},"branchMap":{},"s":{"0":4,"1":1,"2":1},"f":{"0":1},"b":{},"_coverageSchema":"1a1c01bbd47fc00a2c39e90264f33305004495a9","hash":"97f61bb6f8bc3d1a94c7fb62f9c6298205f0a563"}
,"/Users/macos/Personal/lazada-test/src/components/ProductCard.js": {"path":"/Users/macos/Personal/lazada-test/src/components/ProductCard.js","statementMap":{"0":{"start":{"line":7,"column":20},"end":{"line":25,"column":1}},"1":{"start":{"line":8,"column":22},"end":{"line":8,"column":27}},"2":{"start":{"line":9,"column":2},"end":{"line":24,"column":3}}},"fnMap":{"0":{"name":"(anonymous_0)","decl":{"start":{"line":7,"column":20},"end":{"line":7,"column":21}},"loc":{"start":{"line":7,"column":31},"end":{"line":25,"column":1}},"line":7}},"branchMap":{"0":{"loc":{"start":{"line":17,"column":42},"end":{"line":17,"column":90}},"type":"binary-expr","locations":[{"start":{"line":17,"column":42},"end":{"line":17,"column":70}},{"start":{"line":17,"column":74},"end":{"line":17,"column":90}}],"line":17}},"s":{"0":2,"1":1,"2":1},"f":{"0":1},"b":{"0":[1,0]},"_coverageSchema":"1a1c01bbd47fc00a2c39e90264f33305004495a9","hash":"e794f35dc0ab0bdc324a147538b9e9d47e0cd026"}
,"/Users/macos/Personal/lazada-test/src/components/commons/Loading.js": {"path":"/Users/macos/Personal/lazada-test/src/components/commons/Loading.js","statementMap":{"0":{"start":{"line":5,"column":18},"end":{"line":14,"column":1}},"1":{"start":{"line":6,"column":2},"end":{"line":13,"column":4}},"2":{"start":{"line":16,"column":30},"end":{"line":24,"column":1}},"3":{"start":{"line":17,"column":18},"end":{"line":17,"column":29}},"4":{"start":{"line":19,"column":2},"end":{"line":23,"column":4}}},"fnMap":{"0":{"name":"(anonymous_0)","decl":{"start":{"line":5,"column":29},"end":{"line":5,"column":30}},"loc":{"start":{"line":6,"column":2},"end":{"line":13,"column":4}},"line":6},"1":{"name":"(anonymous_1)","decl":{"start":{"line":16,"column":30},"end":{"line":16,"column":31}},"loc":{"start":{"line":16,"column":36},"end":{"line":24,"column":1}},"line":16}},"branchMap":{},"s":{"0":3,"1":2,"2":3,"3":2,"4":2},"f":{"0":2,"1":2},"b":{},"_coverageSchema":"1a1c01bbd47fc00a2c39e90264f33305004495a9","hash":"ea5b34f1b33f0f171bcc23508b82513e322551f8"}
,"/Users/macos/Personal/lazada-test/src/constants/actionTypes.js": {"path":"/Users/macos/Personal/lazada-test/src/constants/actionTypes.js","statementMap":{"0":{"start":{"line":1,"column":38},"end":{"line":1,"column":62}},"1":{"start":{"line":2,"column":38},"end":{"line":2,"column":62}},"2":{"start":{"line":3,"column":35},"end":{"line":3,"column":56}},"3":{"start":{"line":5,"column":36},"end":{"line":5,"column":58}},"4":{"start":{"line":6,"column":36},"end":{"line":6,"column":58}},"5":{"start":{"line":7,"column":33},"end":{"line":7,"column":52}},"6":{"start":{"line":9,"column":35},"end":{"line":9,"column":56}},"7":{"start":{"line":10,"column":35},"end":{"line":10,"column":56}},"8":{"start":{"line":11,"column":32},"end":{"line":11,"column":50}},"9":{"start":{"line":13,"column":36},"end":{"line":13,"column":58}},"10":{"start":{"line":14,"column":36},"end":{"line":14,"column":58}}},"fnMap":{},"branchMap":{},"s":{"0":2,"1":2,"2":2,"3":2,"4":2,"5":2,"6":2,"7":2,"8":2,"9":2,"10":2},"f":{},"b":{},"_coverageSchema":"1a1c01bbd47fc00a2c39e90264f33305004495a9","hash":"69aeb5ac887fd970f5e1d0eb26dd3a2abef093d0"}
,"/Users/macos/Personal/lazada-test/src/containers/Categories.js": {"path":"/Users/macos/Personal/lazada-test/src/containers/Categories.js","statementMap":{"0":{"start":{"line":11,"column":26},"end":{"line":32,"column":1}},"1":{"start":{"line":12,"column":2},"end":{"line":14,"column":8}},"2":{"start":{"line":13,"column":4},"end":{"line":13,"column":25}},"3":{"start":{"line":15,"column":2},"end":{"line":31,"column":3}},"4":{"start":{"line":23,"column":14},"end":{"line":25,"column":29}},"5":{"start":{"line":34,"column":24},"end":{"line":38,"column":1}},"6":{"start":{"line":35,"column":2},"end":{"line":37,"column":3}}},"fnMap":{"0":{"name":"(anonymous_0)","decl":{"start":{"line":11,"column":26},"end":{"line":11,"column":27}},"loc":{"start":{"line":11,"column":37},"end":{"line":32,"column":1}},"line":11},"1":{"name":"(anonymous_1)","decl":{"start":{"line":12,"column":12},"end":{"line":12,"column":13}},"loc":{"start":{"line":12,"column":18},"end":{"line":14,"column":3}},"line":12},"2":{"name":"(anonymous_2)","decl":{"start":{"line":22,"column":34},"end":{"line":22,"column":35}},"loc":{"start":{"line":23,"column":14},"end":{"line":25,"column":29}},"line":23},"3":{"name":"(anonymous_3)","decl":{"start":{"line":34,"column":24},"end":{"line":34,"column":25}},"loc":{"start":{"line":34,"column":35},"end":{"line":38,"column":1}},"line":34}},"branchMap":{"0":{"loc":{"start":{"line":20,"column":9},"end":{"line":28,"column":9}},"type":"cond-expr","locations":[{"start":{"line":20,"column":27},"end":{"line":20,"column":38}},{"start":{"line":21,"column":10},"end":{"line":27,"column":21}}],"line":20},"1":{"loc":{"start":{"line":23,"column":52},"end":{"line":23,"column":79}},"type":"cond-expr","locations":[{"start":{"line":23,"column":66},"end":{"line":23,"column":67}},{"start":{"line":23,"column":70},"end":{"line":23,"column":79}}],"line":23}},"s":{"0":3,"1":3,"2":2,"3":3,"4":4,"5":3,"6":0},"f":{"0":3,"1":2,"2":4,"3":0},"b":{"0":[2,1],"1":[1,3]},"_coverageSchema":"1a1c01bbd47fc00a2c39e90264f33305004495a9","hash":"74a682312e30112b0ca6e088d2d02e348f0fb927"}
,"/Users/macos/Personal/lazada-test/src/containers/CategoryDetail.js": {"path":"/Users/macos/Personal/lazada-test/src/containers/CategoryDetail.js","statementMap":{"0":{"start":{"line":12,"column":30},"end":{"line":72,"column":1}},"1":{"start":{"line":13,"column":17},"end":{"line":13,"column":28}},"2":{"start":{"line":15,"column":2},"end":{"line":17,"column":8}},"3":{"start":{"line":16,"column":4},"end":{"line":16,"column":31}},"4":{"start":{"line":19,"column":19},"end":{"line":19,"column":43}},"5":{"start":{"line":21,"column":2},"end":{"line":21,"column":64}},"6":{"start":{"line":21,"column":32},"end":{"line":21,"column":64}},"7":{"start":{"line":23,"column":2},"end":{"line":23,"column":28}},"8":{"start":{"line":23,"column":17},"end":{"line":23,"column":28}},"9":{"start":{"line":25,"column":2},"end":{"line":71,"column":3}},"10":{"start":{"line":45,"column":14},"end":{"line":47,"column":21}},"11":{"start":{"line":59,"column":33},"end":{"line":59,"column":54}},"12":{"start":{"line":74,"column":24},"end":{"line":78,"column":1}},"13":{"start":{"line":75,"column":2},"end":{"line":77,"column":3}}},"fnMap":{"0":{"name":"(anonymous_0)","decl":{"start":{"line":12,"column":30},"end":{"line":12,"column":31}},"loc":{"start":{"line":12,"column":41},"end":{"line":72,"column":1}},"line":12},"1":{"name":"(anonymous_1)","decl":{"start":{"line":15,"column":12},"end":{"line":15,"column":13}},"loc":{"start":{"line":15,"column":18},"end":{"line":17,"column":3}},"line":15},"2":{"name":"(anonymous_2)","decl":{"start":{"line":44,"column":55},"end":{"line":44,"column":56}},"loc":{"start":{"line":45,"column":14},"end":{"line":47,"column":21}},"line":45},"3":{"name":"(anonymous_3)","decl":{"start":{"line":59,"column":27},"end":{"line":59,"column":28}},"loc":{"start":{"line":59,"column":33},"end":{"line":59,"column":54}},"line":59},"4":{"name":"(anonymous_4)","decl":{"start":{"line":74,"column":24},"end":{"line":74,"column":25}},"loc":{"start":{"line":74,"column":35},"end":{"line":78,"column":1}},"line":74}},"branchMap":{"0":{"loc":{"start":{"line":21,"column":2},"end":{"line":21,"column":64}},"type":"if","locations":[{"start":{"line":21,"column":2},"end":{"line":21,"column":64}},{"start":{"line":21,"column":2},"end":{"line":21,"column":64}}],"line":21},"1":{"loc":{"start":{"line":23,"column":2},"end":{"line":23,"column":28}},"type":"if","locations":[{"start":{"line":23,"column":2},"end":{"line":23,"column":28}},{"start":{"line":23,"column":2},"end":{"line":23,"column":28}}],"line":23},"2":{"loc":{"start":{"line":36,"column":8},"end":{"line":38,"column":9}},"type":"binary-expr","locations":[{"start":{"line":36,"column":8},"end":{"line":36,"column":32}},{"start":{"line":36,"column":36},"end":{"line":36,"column":66}},{"start":{"line":37,"column":10},"end":{"line":37,"column":78}}],"line":36},"3":{"loc":{"start":{"line":44,"column":12},"end":{"line":48,"column":14}},"type":"binary-expr","locations":[{"start":{"line":44,"column":12},"end":{"line":44,"column":29}},{"start":{"line":44,"column":33},"end":{"line":48,"column":14}}],"line":44},"4":{"loc":{"start":{"line":45,"column":25},"end":{"line":45,"column":45}},"type":"binary-expr","locations":[{"start":{"line":45,"column":25},"end":{"line":45,"column":36}},{"start":{"line":45,"column":40},"end":{"line":45,"column":45}}],"line":45},"5":{"loc":{"start":{"line":53,"column":8},"end":{"line":68,"column":9}},"type":"binary-expr","locations":[{"start":{"line":53,"column":8},"end":{"line":53,"column":36}},{"start":{"line":53,"column":40},"end":{"line":53,"column":94}},{"start":{"line":54,"column":10},"end":{"line":67,"column":16}}],"line":53},"6":{"loc":{"start":{"line":56,"column":14},"end":{"line":65,"column":25}},"type":"cond-expr","locations":[{"start":{"line":57,"column":16},"end":{"line":57,"column":41}},{"start":{"line":58,"column":16},"end":{"line":65,"column":25}}],"line":56}},"s":{"0":1,"1":10,"2":10,"3":1,"4":10,"5":10,"6":1,"7":9,"8":2,"9":7,"10":12,"11":1,"12":1,"13":0},"f":{"0":10,"1":1,"2":12,"3":1,"4":0},"b":{"0":[1,9],"1":[2,7],"2":[7,7,3],"3":[7,7],"4":[12,12],"5":[7,4,2],"6":[0,2]},"_coverageSchema":"1a1c01bbd47fc00a2c39e90264f33305004495a9","hash":"6bb3cb8df61f1267240e2e9ca5ef83500aa3ef86"}
,"/Users/macos/Personal/lazada-test/src/containers/ProductDetail.js": {"path":"/Users/macos/Personal/lazada-test/src/containers/ProductDetail.js","statementMap":{"0":{"start":{"line":12,"column":29},"end":{"line":59,"column":1}},"1":{"start":{"line":13,"column":17},"end":{"line":13,"column":28}},"2":{"start":{"line":15,"column":2},"end":{"line":17,"column":8}},"3":{"start":{"line":16,"column":4},"end":{"line":16,"column":28}},"4":{"start":{"line":19,"column":18},"end":{"line":19,"column":40}},"5":{"start":{"line":21,"column":2},"end":{"line":21,"column":74}},"6":{"start":{"line":21,"column":31},"end":{"line":21,"column":74}},"7":{"start":{"line":23,"column":2},"end":{"line":23,"column":27}},"8":{"start":{"line":23,"column":16},"end":{"line":23,"column":27}},"9":{"start":{"line":25,"column":2},"end":{"line":58,"column":3}},"10":{"start":{"line":61,"column":24},"end":{"line":65,"column":1}},"11":{"start":{"line":62,"column":2},"end":{"line":64,"column":3}}},"fnMap":{"0":{"name":"(anonymous_0)","decl":{"start":{"line":12,"column":29},"end":{"line":12,"column":30}},"loc":{"start":{"line":12,"column":40},"end":{"line":59,"column":1}},"line":12},"1":{"name":"(anonymous_1)","decl":{"start":{"line":15,"column":12},"end":{"line":15,"column":13}},"loc":{"start":{"line":15,"column":18},"end":{"line":17,"column":3}},"line":15},"2":{"name":"(anonymous_2)","decl":{"start":{"line":61,"column":24},"end":{"line":61,"column":25}},"loc":{"start":{"line":61,"column":35},"end":{"line":65,"column":1}},"line":61}},"branchMap":{"0":{"loc":{"start":{"line":21,"column":2},"end":{"line":21,"column":74}},"type":"if","locations":[{"start":{"line":21,"column":2},"end":{"line":21,"column":74}},{"start":{"line":21,"column":2},"end":{"line":21,"column":74}}],"line":21},"1":{"loc":{"start":{"line":23,"column":2},"end":{"line":23,"column":27}},"type":"if","locations":[{"start":{"line":23,"column":2},"end":{"line":23,"column":27}},{"start":{"line":23,"column":2},"end":{"line":23,"column":27}}],"line":23},"2":{"loc":{"start":{"line":40,"column":47},"end":{"line":40,"column":95}},"type":"binary-expr","locations":[{"start":{"line":40,"column":47},"end":{"line":40,"column":75}},{"start":{"line":40,"column":79},"end":{"line":40,"column":95}}],"line":40}},"s":{"0":1,"1":4,"2":4,"3":1,"4":4,"5":4,"6":1,"7":3,"8":2,"9":1,"10":1,"11":0},"f":{"0":4,"1":1,"2":0},"b":{"0":[1,3],"1":[2,1],"2":[1,0]},"_coverageSchema":"1a1c01bbd47fc00a2c39e90264f33305004495a9","hash":"7ed4a4f3acf7a6a01fd837d1485e60d47094e275"}
,"/Users/macos/Personal/lazada-test/src/reducers/category.js": {"path":"/Users/macos/Personal/lazada-test/src/reducers/category.js","statementMap":{"0":{"start":{"line":3,"column":21},"end":{"line":11,"column":1}},"1":{"start":{"line":14,"column":2},"end":{"line":92,"column":3}},"2":{"start":{"line":16,"column":6},"end":{"line":19,"column":7}},"3":{"start":{"line":21,"column":6},"end":{"line":25,"column":7}},"4":{"start":{"line":27,"column":6},"end":{"line":30,"column":7}},"5":{"start":{"line":33,"column":6},"end":{"line":36,"column":7}},"6":{"start":{"line":38,"column":6},"end":{"line":49,"column":7}},"7":{"start":{"line":51,"column":6},"end":{"line":54,"column":7}},"8":{"start":{"line":57,"column":6},"end":{"line":60,"column":7}},"9":{"start":{"line":62,"column":6},"end":{"line":69,"column":7}},"10":{"start":{"line":72,"column":6},"end":{"line":75,"column":7}},"11":{"start":{"line":77,"column":6},"end":{"line":84,"column":7}},"12":{"start":{"line":86,"column":6},"end":{"line":89,"column":7}},"13":{"start":{"line":91,"column":6},"end":{"line":91,"column":19}}},"fnMap":{"0":{"name":"(anonymous_0)","decl":{"start":{"line":13,"column":15},"end":{"line":13,"column":16}},"loc":{"start":{"line":13,"column":49},"end":{"line":93,"column":1}},"line":13}},"branchMap":{"0":{"loc":{"start":{"line":13,"column":16},"end":{"line":13,"column":36}},"type":"default-arg","locations":[{"start":{"line":13,"column":24},"end":{"line":13,"column":36}}],"line":13},"1":{"loc":{"start":{"line":14,"column":2},"end":{"line":92,"column":3}},"type":"switch","locations":[{"start":{"line":15,"column":4},"end":{"line":19,"column":7}},{"start":{"line":20,"column":4},"end":{"line":25,"column":7}},{"start":{"line":26,"column":4},"end":{"line":30,"column":7}},{"start":{"line":32,"column":4},"end":{"line":36,"column":7}},{"start":{"line":37,"column":2},"end":{"line":49,"column":7}},{"start":{"line":50,"column":4},"end":{"line":54,"column":7}},{"start":{"line":56,"column":4},"end":{"line":60,"column":7}},{"start":{"line":61,"column":4},"end":{"line":69,"column":7}},{"start":{"line":71,"column":4},"end":{"line":75,"column":7}},{"start":{"line":76,"column":4},"end":{"line":84,"column":7}},{"start":{"line":85,"column":4},"end":{"line":89,"column":7}},{"start":{"line":90,"column":4},"end":{"line":91,"column":19}}],"line":14}},"s":{"0":1,"1":11,"2":1,"3":1,"4":1,"5":1,"6":1,"7":1,"8":1,"9":1,"10":0,"11":1,"12":1,"13":1},"f":{"0":11},"b":{"0":[1],"1":[1,1,1,1,1,1,1,1,0,1,1,1]},"_coverageSchema":"1a1c01bbd47fc00a2c39e90264f33305004495a9","hash":"44a4aca0fba808a4b7e512dc9659a96b200818f0"}
}
