TN:
SF:src/config.js
FNF:0
FNH:0
LF:0
LH:0
BRDA:2,0,0,2
BRDA:2,0,1,2
BRF:2
BRH:2
end_of_record
TN:
SF:src/actions/category.js
FN:15,(anonymous_0)
FN:16,(anonymous_1)
FN:30,(anonymous_2)
FN:31,(anonymous_3)
FN:66,(anonymous_4)
FN:67,(anonymous_5)
FN:87,(anonymous_6)
FN:88,(anonymous_7)
FNF:8
FNH:8
FNDA:1,(anonymous_0)
FNDA:1,(anonymous_1)
FNDA:1,(anonymous_2)
FNDA:1,(anonymous_3)
FNDA:1,(anonymous_4)
FNDA:1,(anonymous_5)
FNDA:1,(anonymous_6)
FNDA:1,(anonymous_7)
DA:15,1
DA:16,1
DA:17,1
DA:20,1
DA:21,1
DA:30,1
DA:31,1
DA:32,1
DA:35,1
DA:37,1
DA:38,1
DA:42,1
DA:49,1
DA:53,1
DA:54,1
DA:66,1
DA:67,1
DA:68,1
DA:70,1
DA:74,1
DA:75,1
DA:87,1
DA:88,1
DA:89,1
DA:93,1
DA:95,1
LF:26
LH:26
BRDA:38,0,0,0
BRDA:38,0,1,1
BRF:2
BRH:1
end_of_record
TN:
SF:src/api/category.js
FN:4,(anonymous_0)
FN:8,(anonymous_1)
FN:12,(anonymous_2)
FN:16,(anonymous_3)
FNF:4
FNH:4
FNDA:1,(anonymous_0)
FNDA:1,(anonymous_1)
FNDA:1,(anonymous_2)
FNDA:1,(anonymous_3)
DA:4,1
DA:5,1
DA:8,1
DA:9,1
DA:12,1
DA:13,1
DA:16,1
DA:17,1
LF:8
LH:8
BRDA:12,0,0,0
BRDA:12,1,0,0
BRDA:12,2,0,0
BRF:3
BRH:0
end_of_record
TN:
SF:src/components/CategoryCard.js
FN:7,(anonymous_0)
FNF:1
FNH:1
FNDA:1,(anonymous_0)
DA:7,4
DA:8,1
DA:9,1
LF:3
LH:3
BRF:0
BRH:0
end_of_record
TN:
SF:src/components/ProductCard.js
FN:7,(anonymous_0)
FNF:1
FNH:1
FNDA:1,(anonymous_0)
DA:7,2
DA:8,1
DA:9,1
LF:3
LH:3
BRDA:17,0,0,1
BRDA:17,0,1,0
BRF:2
BRH:1
end_of_record
TN:
SF:src/components/commons/Loading.js
FN:5,(anonymous_0)
FN:16,(anonymous_1)
FNF:2
FNH:2
FNDA:2,(anonymous_0)
FNDA:2,(anonymous_1)
DA:5,3
DA:6,2
DA:16,3
DA:17,2
DA:19,2
LF:5
LH:5
BRF:0
BRH:0
end_of_record
TN:
SF:src/constants/actionTypes.js
FNF:0
FNH:0
DA:1,2
DA:2,2
DA:3,2
DA:5,2
DA:6,2
DA:7,2
DA:9,2
DA:10,2
DA:11,2
DA:13,2
DA:14,2
LF:11
LH:11
BRF:0
BRH:0
end_of_record
TN:
SF:src/containers/Categories.js
FN:11,(anonymous_0)
FN:12,(anonymous_1)
FN:22,(anonymous_2)
FN:34,(anonymous_3)
FNF:4
FNH:3
FNDA:3,(anonymous_0)
FNDA:2,(anonymous_1)
FNDA:4,(anonymous_2)
FNDA:0,(anonymous_3)
DA:11,3
DA:12,3
DA:13,2
DA:15,3
DA:23,4
DA:34,3
DA:35,0
LF:7
LH:6
BRDA:20,0,0,2
BRDA:20,0,1,1
BRDA:23,1,0,1
BRDA:23,1,1,3
BRF:4
BRH:4
end_of_record
TN:
SF:src/containers/CategoryDetail.js
FN:12,(anonymous_0)
FN:15,(anonymous_1)
FN:44,(anonymous_2)
FN:59,(anonymous_3)
FN:74,(anonymous_4)
FNF:5
FNH:4
FNDA:10,(anonymous_0)
FNDA:1,(anonymous_1)
FNDA:12,(anonymous_2)
FNDA:1,(anonymous_3)
FNDA:0,(anonymous_4)
DA:12,1
DA:13,10
DA:15,10
DA:16,1
DA:19,10
DA:21,10
DA:23,9
DA:25,7
DA:45,12
DA:59,1
DA:74,1
DA:75,0
LF:12
LH:11
BRDA:21,0,0,1
BRDA:21,0,1,9
BRDA:23,1,0,2
BRDA:23,1,1,7
BRDA:36,2,0,7
BRDA:36,2,1,7
BRDA:36,2,2,3
BRDA:44,3,0,7
BRDA:44,3,1,7
BRDA:45,4,0,12
BRDA:45,4,1,12
BRDA:53,5,0,7
BRDA:53,5,1,4
BRDA:53,5,2,2
BRDA:56,6,0,0
BRDA:56,6,1,2
BRF:16
BRH:15
end_of_record
TN:
SF:src/containers/ProductDetail.js
FN:12,(anonymous_0)
FN:15,(anonymous_1)
FN:61,(anonymous_2)
FNF:3
FNH:2
FNDA:4,(anonymous_0)
FNDA:1,(anonymous_1)
FNDA:0,(anonymous_2)
DA:12,1
DA:13,4
DA:15,4
DA:16,1
DA:19,4
DA:21,4
DA:23,3
DA:25,1
DA:61,1
DA:62,0
LF:10
LH:9
BRDA:21,0,0,1
BRDA:21,0,1,3
BRDA:23,1,0,2
BRDA:23,1,1,1
BRDA:40,2,0,1
BRDA:40,2,1,0
BRF:6
BRH:5
end_of_record
TN:
SF:src/reducers/category.js
FN:13,(anonymous_0)
FNF:1
FNH:1
FNDA:11,(anonymous_0)
DA:3,1
DA:14,11
DA:16,1
DA:21,1
DA:27,1
DA:33,1
DA:38,1
DA:51,1
DA:57,1
DA:62,1
DA:72,0
DA:77,1
DA:86,1
DA:91,1
LF:14
LH:13
BRDA:13,0,0,1
BRDA:14,1,0,1
BRDA:14,1,1,1
BRDA:14,1,2,1
BRDA:14,1,3,1
BRDA:14,1,4,1
BRDA:14,1,5,1
BRDA:14,1,6,1
BRDA:14,1,7,1
BRDA:14,1,8,0
BRDA:14,1,9,1
BRDA:14,1,10,1
BRDA:14,1,11,1
BRF:13
BRH:12
end_of_record
